0 info it worked if it ends with ok
1 verbose cli [ '/usr/local/bin/node',
1 verbose cli   '/usr/local/bin/npm',
1 verbose cli   'uninstall',
1 verbose cli   'webpack' ]
2 info using npm@3.10.10
3 info using node@v6.9.4
4 silly loadCurrentTree Starting
5 silly install loadCurrentTree
6 silly install readLocalPackageData
7 silly install normalizeTree
8 silly loadCurrentTree Finishing
9 silly loadIdealTree Starting
10 silly install loadIdealTree
11 silly cloneCurrentTree Starting
12 silly install cloneCurrentTreeToIdealTree
13 silly cloneCurrentTree Finishing
14 silly loadShrinkwrap Starting
15 silly install loadShrinkwrap
16 silly loadShrinkwrap Finishing
17 silly loadAllDepsIntoIdealTree Starting
18 silly uninstall loadAllDepsIntoIdealtree
19 silly loadAllDepsIntoIdealTree Finishing
20 silly loadIdealTree Finishing
21 silly currentTree wheel-hub-react@1.0.0
21 silly currentTree ├── acorn-dynamic-import@2.0.1
21 silly currentTree ├── acorn@4.0.4
21 silly currentTree ├── ajv-keywords@1.5.1
21 silly currentTree ├── ajv@4.11.2
21 silly currentTree ├── align-text@0.1.4
21 silly currentTree ├── ansi-regex@2.1.1
21 silly currentTree ├── ansi-styles@2.2.1
21 silly currentTree ├── anymatch@1.3.0
21 silly currentTree ├── arr-diff@2.0.0
21 silly currentTree ├── arr-flatten@1.0.1
21 silly currentTree ├── array-unique@0.2.1
21 silly currentTree ├── arrify@1.0.1
21 silly currentTree ├── asap@2.0.5
21 silly currentTree ├── asn1.js@4.9.1
21 silly currentTree ├── assert@1.4.1
21 silly currentTree ├── async-each@1.0.1
21 silly currentTree ├── async@2.1.4
21 silly currentTree ├── babel-cli@6.22.2
21 silly currentTree ├── babel-code-frame@6.22.0
21 silly currentTree ├── babel-core@6.22.1
21 silly currentTree ├── babel-generator@6.22.0
21 silly currentTree ├── babel-helper-builder-binary-assignment-operator-visitor@6.22.0
21 silly currentTree ├── babel-helper-call-delegate@6.22.0
21 silly currentTree ├── babel-helper-define-map@6.22.0
21 silly currentTree ├── babel-helper-explode-assignable-expression@6.22.0
21 silly currentTree ├── babel-helper-function-name@6.22.0
21 silly currentTree ├── babel-helper-get-function-arity@6.22.0
21 silly currentTree ├── babel-helper-hoist-variables@6.22.0
21 silly currentTree ├── babel-helper-optimise-call-expression@6.22.0
21 silly currentTree ├── babel-helper-regex@6.22.0
21 silly currentTree ├── babel-helper-remap-async-to-generator@6.22.0
21 silly currentTree ├── babel-helper-replace-supers@6.22.0
21 silly currentTree ├── babel-helpers@6.22.0
21 silly currentTree ├── babel-messages@6.22.0
21 silly currentTree ├── babel-plugin-check-es2015-constants@6.22.0
21 silly currentTree ├── babel-plugin-syntax-async-functions@6.13.0
21 silly currentTree ├── babel-plugin-syntax-exponentiation-operator@6.13.0
21 silly currentTree ├── babel-plugin-syntax-trailing-function-commas@6.22.0
21 silly currentTree ├── babel-plugin-transform-async-to-generator@6.22.0
21 silly currentTree ├── babel-plugin-transform-es2015-arrow-functions@6.22.0
21 silly currentTree ├── babel-plugin-transform-es2015-block-scoped-functions@6.22.0
21 silly currentTree ├── babel-plugin-transform-es2015-block-scoping@6.22.0
21 silly currentTree ├── babel-plugin-transform-es2015-classes@6.22.0
21 silly currentTree ├── babel-plugin-transform-es2015-computed-properties@6.22.0
21 silly currentTree ├── babel-plugin-transform-es2015-destructuring@6.22.0
21 silly currentTree ├── babel-plugin-transform-es2015-duplicate-keys@6.22.0
21 silly currentTree ├── babel-plugin-transform-es2015-for-of@6.22.0
21 silly currentTree ├── babel-plugin-transform-es2015-function-name@6.22.0
21 silly currentTree ├── babel-plugin-transform-es2015-literals@6.22.0
21 silly currentTree ├── babel-plugin-transform-es2015-modules-amd@6.22.0
21 silly currentTree ├── babel-plugin-transform-es2015-modules-commonjs@6.22.0
21 silly currentTree ├── babel-plugin-transform-es2015-modules-systemjs@6.22.0
21 silly currentTree ├── babel-plugin-transform-es2015-modules-umd@6.22.0
21 silly currentTree ├── babel-plugin-transform-es2015-object-super@6.22.0
21 silly currentTree ├── babel-plugin-transform-es2015-parameters@6.22.0
21 silly currentTree ├── babel-plugin-transform-es2015-shorthand-properties@6.22.0
21 silly currentTree ├── babel-plugin-transform-es2015-spread@6.22.0
21 silly currentTree ├── babel-plugin-transform-es2015-sticky-regex@6.22.0
21 silly currentTree ├── babel-plugin-transform-es2015-template-literals@6.22.0
21 silly currentTree ├── babel-plugin-transform-es2015-typeof-symbol@6.22.0
21 silly currentTree ├── babel-plugin-transform-es2015-unicode-regex@6.22.0
21 silly currentTree ├── babel-plugin-transform-exponentiation-operator@6.22.0
21 silly currentTree ├── babel-plugin-transform-regenerator@6.22.0
21 silly currentTree ├── babel-plugin-transform-strict-mode@6.22.0
21 silly currentTree ├─┬ babel-polyfill@6.22.0
21 silly currentTree │ └── core-js@2.4.1
21 silly currentTree ├── babel-preset-env@1.1.8
21 silly currentTree ├── babel-preset-es2015@6.22.0
21 silly currentTree ├─┬ babel-register@6.22.0
21 silly currentTree │ └── core-js@2.4.1
21 silly currentTree ├─┬ babel-runtime@6.22.0
21 silly currentTree │ └── core-js@2.4.1
21 silly currentTree ├── babel-template@6.22.0
21 silly currentTree ├── babel-traverse@6.22.1
21 silly currentTree ├── babel-types@6.22.0
21 silly currentTree ├── babylon@6.15.0
21 silly currentTree ├── balanced-match@0.4.2
21 silly currentTree ├── base64-js@1.2.0
21 silly currentTree ├── big.js@3.1.3
21 silly currentTree ├── binary-extensions@1.8.0
21 silly currentTree ├── bn.js@4.11.6
21 silly currentTree ├── brace-expansion@1.1.6
21 silly currentTree ├── braces@1.8.5
21 silly currentTree ├── brorand@1.0.6
21 silly currentTree ├── browserify-aes@1.0.6
21 silly currentTree ├── browserify-cipher@1.0.0
21 silly currentTree ├── browserify-des@1.0.0
21 silly currentTree ├── browserify-rsa@4.0.1
21 silly currentTree ├── browserify-sign@4.0.0
21 silly currentTree ├── browserify-zlib@0.1.4
21 silly currentTree ├── browserslist@1.7.1
21 silly currentTree ├── buffer-shims@1.0.0
21 silly currentTree ├── buffer-xor@1.0.3
21 silly currentTree ├── buffer@4.9.1
21 silly currentTree ├── builtin-modules@1.1.1
21 silly currentTree ├── builtin-status-codes@3.0.0
21 silly currentTree ├── camelcase@1.2.1
21 silly currentTree ├── caniuse-db@1.0.30000618
21 silly currentTree ├── center-align@0.1.3
21 silly currentTree ├── chalk@1.1.3
21 silly currentTree ├── chokidar@1.6.1
21 silly currentTree ├── cipher-base@1.0.3
21 silly currentTree ├── cliui@2.1.0
21 silly currentTree ├── co@4.6.0
21 silly currentTree ├── code-point-at@1.1.0
21 silly currentTree ├── commander@2.9.0
21 silly currentTree ├── concat-map@0.0.1
21 silly currentTree ├── console-browserify@1.1.0
21 silly currentTree ├── constants-browserify@1.0.0
21 silly currentTree ├── convert-source-map@1.3.0
21 silly currentTree ├── core-js@1.2.7
21 silly currentTree ├── core-util-is@1.0.2
21 silly currentTree ├── create-ecdh@4.0.0
21 silly currentTree ├── create-hash@1.1.2
21 silly currentTree ├── create-hmac@1.1.4
21 silly currentTree ├── crypto-browserify@3.11.0
21 silly currentTree ├── date-now@0.1.4
21 silly currentTree ├── debug@2.6.0
21 silly currentTree ├── decamelize@1.2.0
21 silly currentTree ├── des.js@1.0.0
21 silly currentTree ├── detect-indent@4.0.0
21 silly currentTree ├── diffie-hellman@5.0.2
21 silly currentTree ├── domain-browser@1.1.7
21 silly currentTree ├── electron-to-chromium@1.2.1
21 silly currentTree ├── elliptic@6.3.2
21 silly currentTree ├── emojis-list@2.1.0
21 silly currentTree ├── encoding@0.1.12
21 silly currentTree ├── enhanced-resolve@3.0.3
21 silly currentTree ├── errno@0.1.4
21 silly currentTree ├── error-ex@1.3.0
21 silly currentTree ├── escape-string-regexp@1.0.5
21 silly currentTree ├── esutils@2.0.2
21 silly currentTree ├── events@1.1.1
21 silly currentTree ├── evp_bytestokey@1.0.0
21 silly currentTree ├── expand-brackets@0.1.5
21 silly currentTree ├── expand-range@1.8.2
21 silly currentTree ├── extglob@0.3.2
21 silly currentTree ├── fbjs@0.8.9
21 silly currentTree ├── filename-regex@2.0.0
21 silly currentTree ├── fill-range@2.2.3
21 silly currentTree ├── find-up@1.1.2
21 silly currentTree ├── for-in@0.1.6
21 silly currentTree ├── for-own@0.1.4
21 silly currentTree ├── fs-readdir-recursive@1.0.0
21 silly currentTree ├── fs.realpath@1.0.0
21 silly currentTree ├─┬ fsevents@1.0.17
21 silly currentTree │ ├── abbrev@1.0.9
21 silly currentTree │ ├── ansi-regex@2.0.0
21 silly currentTree │ ├── ansi-styles@2.2.1
21 silly currentTree │ ├── aproba@1.0.4
21 silly currentTree │ ├── are-we-there-yet@1.1.2
21 silly currentTree │ ├── asn1@0.2.3
21 silly currentTree │ ├── assert-plus@0.2.0
21 silly currentTree │ ├── asynckit@0.4.0
21 silly currentTree │ ├── aws-sign2@0.6.0
21 silly currentTree │ ├── aws4@1.5.0
21 silly currentTree │ ├── balanced-match@0.4.2
21 silly currentTree │ ├── bcrypt-pbkdf@1.0.0
21 silly currentTree │ ├── block-stream@0.0.9
21 silly currentTree │ ├── boom@2.10.1
21 silly currentTree │ ├── brace-expansion@1.1.6
21 silly currentTree │ ├── buffer-shims@1.0.0
21 silly currentTree │ ├── caseless@0.11.0
21 silly currentTree │ ├─┬ chalk@1.1.3
21 silly currentTree │ │ └── supports-color@2.0.0
21 silly currentTree │ ├── code-point-at@1.1.0
21 silly currentTree │ ├── combined-stream@1.0.5
21 silly currentTree │ ├── commander@2.9.0
21 silly currentTree │ ├── concat-map@0.0.1
21 silly currentTree │ ├── console-control-strings@1.1.0
21 silly currentTree │ ├── core-util-is@1.0.2
21 silly currentTree │ ├── cryptiles@2.0.5
21 silly currentTree │ ├─┬ dashdash@1.14.1
21 silly currentTree │ │ └── assert-plus@1.0.0
21 silly currentTree │ ├── debug@2.2.0
21 silly currentTree │ ├── deep-extend@0.4.1
21 silly currentTree │ ├── delayed-stream@1.0.0
21 silly currentTree │ ├── delegates@1.0.0
21 silly currentTree │ ├── ecc-jsbn@0.1.1
21 silly currentTree │ ├── escape-string-regexp@1.0.5
21 silly currentTree │ ├── extend@3.0.0
21 silly currentTree │ ├── extsprintf@1.0.2
21 silly currentTree │ ├── forever-agent@0.6.1
21 silly currentTree │ ├── form-data@2.1.2
21 silly currentTree │ ├── fs.realpath@1.0.0
21 silly currentTree │ ├── fstream-ignore@1.0.5
21 silly currentTree │ ├── fstream@1.0.10
21 silly currentTree │ ├── gauge@2.7.2
21 silly currentTree │ ├── generate-function@2.0.0
21 silly currentTree │ ├── generate-object-property@1.2.0
21 silly currentTree │ ├─┬ getpass@0.1.6
21 silly currentTree │ │ └── assert-plus@1.0.0
21 silly currentTree │ ├── glob@7.1.1
21 silly currentTree │ ├── graceful-fs@4.1.11
21 silly currentTree │ ├── graceful-readlink@1.0.1
21 silly currentTree │ ├── har-validator@2.0.6
21 silly currentTree │ ├── has-ansi@2.0.0
21 silly currentTree │ ├── has-unicode@2.0.1
21 silly currentTree │ ├── hawk@3.1.3
21 silly currentTree │ ├── hoek@2.16.3
21 silly currentTree │ ├── http-signature@1.1.1
21 silly currentTree │ ├── inflight@1.0.6
21 silly currentTree │ ├── inherits@2.0.3
21 silly currentTree │ ├── ini@1.3.4
21 silly currentTree │ ├── is-fullwidth-code-point@1.0.0
21 silly currentTree │ ├── is-my-json-valid@2.15.0
21 silly currentTree │ ├── is-property@1.0.2
21 silly currentTree │ ├── is-typedarray@1.0.0
21 silly currentTree │ ├── isarray@1.0.0
21 silly currentTree │ ├── isstream@0.1.2
21 silly currentTree │ ├── jodid25519@1.0.2
21 silly currentTree │ ├── jsbn@0.1.0
21 silly currentTree │ ├── json-schema@0.2.3
21 silly currentTree │ ├── json-stringify-safe@5.0.1
21 silly currentTree │ ├── jsonpointer@4.0.1
21 silly currentTree │ ├── jsprim@1.3.1
21 silly currentTree │ ├── mime-db@1.25.0
21 silly currentTree │ ├── mime-types@2.1.13
21 silly currentTree │ ├── minimatch@3.0.3
21 silly currentTree │ ├── minimist@0.0.8
21 silly currentTree │ ├── mkdirp@0.5.1
21 silly currentTree │ ├── ms@0.7.1
21 silly currentTree │ ├── node-pre-gyp@0.6.32
21 silly currentTree │ ├── nopt@3.0.6
21 silly currentTree │ ├── npmlog@4.0.2
21 silly currentTree │ ├── number-is-nan@1.0.1
21 silly currentTree │ ├── oauth-sign@0.8.2
21 silly currentTree │ ├── object-assign@4.1.0
21 silly currentTree │ ├── once@1.4.0
21 silly currentTree │ ├── path-is-absolute@1.0.1
21 silly currentTree │ ├── pinkie-promise@2.0.1
21 silly currentTree │ ├── pinkie@2.0.4
21 silly currentTree │ ├── process-nextick-args@1.0.7
21 silly currentTree │ ├── punycode@1.4.1
21 silly currentTree │ ├── qs@6.3.0
21 silly currentTree │ ├─┬ rc@1.1.6
21 silly currentTree │ │ └── minimist@1.2.0
21 silly currentTree │ ├── readable-stream@2.2.2
21 silly currentTree │ ├── request@2.79.0
21 silly currentTree │ ├── rimraf@2.5.4
21 silly currentTree │ ├── semver@5.3.0
21 silly currentTree │ ├── set-blocking@2.0.0
21 silly currentTree │ ├── signal-exit@3.0.2
21 silly currentTree │ ├── sntp@1.0.9
21 silly currentTree │ ├─┬ sshpk@1.10.1
21 silly currentTree │ │ └── assert-plus@1.0.0
21 silly currentTree │ ├── string_decoder@0.10.31
21 silly currentTree │ ├── string-width@1.0.2
21 silly currentTree │ ├── stringstream@0.0.5
21 silly currentTree │ ├── strip-ansi@3.0.1
21 silly currentTree │ ├── strip-json-comments@1.0.4
21 silly currentTree │ ├── supports-color@0.2.0
21 silly currentTree │ ├─┬ tar-pack@3.3.0
21 silly currentTree │ │ ├── once@1.3.3
21 silly currentTree │ │ └── readable-stream@2.1.5
21 silly currentTree │ ├── tar@2.2.1
21 silly currentTree │ ├── tough-cookie@2.3.2
21 silly currentTree │ ├── tunnel-agent@0.4.3
21 silly currentTree │ ├── tweetnacl@0.14.5
21 silly currentTree │ ├── uid-number@0.0.6
21 silly currentTree │ ├── util-deprecate@1.0.2
21 silly currentTree │ ├── uuid@3.0.1
21 silly currentTree │ ├── verror@1.3.6
21 silly currentTree │ ├── wide-align@1.1.0
21 silly currentTree │ ├── wrappy@1.0.2
21 silly currentTree │ └── xtend@4.0.1
21 silly currentTree ├── get-caller-file@1.0.2
21 silly currentTree ├── glob-base@0.3.0
21 silly currentTree ├── glob-parent@2.0.0
21 silly currentTree ├── glob@7.1.1
21 silly currentTree ├── globals@9.14.0
21 silly currentTree ├── graceful-fs@4.1.11
21 silly currentTree ├── graceful-readlink@1.0.1
21 silly currentTree ├── has-ansi@2.0.0
21 silly currentTree ├── has-flag@1.0.0
21 silly currentTree ├── hash.js@1.0.3
21 silly currentTree ├── home-or-tmp@2.0.0
21 silly currentTree ├── hosted-git-info@2.1.5
21 silly currentTree ├── https-browserify@0.0.1
21 silly currentTree ├── iconv-lite@0.4.15
21 silly currentTree ├── ieee754@1.1.8
21 silly currentTree ├── indexof@0.0.1
21 silly currentTree ├── inflight@1.0.6
21 silly currentTree ├── inherits@2.0.3
21 silly currentTree ├── interpret@1.0.1
21 silly currentTree ├── invariant@2.2.2
21 silly currentTree ├── invert-kv@1.0.0
21 silly currentTree ├── is-arrayish@0.2.1
21 silly currentTree ├── is-binary-path@1.0.1
21 silly currentTree ├── is-buffer@1.1.4
21 silly currentTree ├── is-builtin-module@1.0.0
21 silly currentTree ├── is-dotfile@1.0.2
21 silly currentTree ├── is-equal-shallow@0.1.3
21 silly currentTree ├── is-extendable@0.1.1
21 silly currentTree ├── is-extglob@1.0.0
21 silly currentTree ├── is-finite@1.0.2
21 silly currentTree ├── is-fullwidth-code-point@1.0.0
21 silly currentTree ├── is-glob@2.0.1
21 silly currentTree ├── is-number@2.1.0
21 silly currentTree ├── is-posix-bracket@0.1.1
21 silly currentTree ├── is-primitive@2.0.0
21 silly currentTree ├── is-stream@1.1.0
21 silly currentTree ├── is-utf8@0.2.1
21 silly currentTree ├── isarray@1.0.0
21 silly currentTree ├── isobject@2.1.0
21 silly currentTree ├── isomorphic-fetch@2.2.1
21 silly currentTree ├── js-tokens@3.0.1
21 silly currentTree ├── jsesc@1.3.0
21 silly currentTree ├── json-loader@0.5.4
21 silly currentTree ├── json-stable-stringify@1.0.1
21 silly currentTree ├── json5@0.5.1
21 silly currentTree ├── jsonify@0.0.0
21 silly currentTree ├── kind-of@3.1.0
21 silly currentTree ├── lazy-cache@1.0.4
21 silly currentTree ├── lcid@1.0.0
21 silly currentTree ├── load-json-file@1.1.0
21 silly currentTree ├── loader-runner@2.3.0
21 silly currentTree ├── loader-utils@0.2.16
21 silly currentTree ├── lodash@4.17.4
21 silly currentTree ├── longest@1.0.1
21 silly currentTree ├── loose-envify@1.3.1
21 silly currentTree ├── memory-fs@0.4.1
21 silly currentTree ├── micromatch@2.3.11
21 silly currentTree ├── miller-rabin@4.0.0
21 silly currentTree ├── minimalistic-assert@1.0.0
21 silly currentTree ├── minimatch@3.0.3
21 silly currentTree ├── minimist@0.0.8
21 silly currentTree ├── mkdirp@0.5.1
21 silly currentTree ├── ms@0.7.2
21 silly currentTree ├── nan@2.5.1
21 silly currentTree ├── node-fetch@1.6.3
21 silly currentTree ├── node-libs-browser@2.0.0
21 silly currentTree ├── normalize-package-data@2.3.5
21 silly currentTree ├── normalize-path@2.0.1
21 silly currentTree ├── number-is-nan@1.0.1
21 silly currentTree ├── object-assign@4.1.1
21 silly currentTree ├── object.omit@2.0.1
21 silly currentTree ├── once@1.4.0
21 silly currentTree ├── os-browserify@0.2.1
21 silly currentTree ├── os-homedir@1.0.2
21 silly currentTree ├── os-locale@1.4.0
21 silly currentTree ├── os-tmpdir@1.0.2
21 silly currentTree ├── output-file-sync@1.1.2
21 silly currentTree ├── pako@0.2.9
21 silly currentTree ├── parse-asn1@5.0.0
21 silly currentTree ├── parse-glob@3.0.4
21 silly currentTree ├── parse-json@2.2.0
21 silly currentTree ├── path-browserify@0.0.0
21 silly currentTree ├── path-exists@2.1.0
21 silly currentTree ├── path-is-absolute@1.0.1
21 silly currentTree ├── path-type@1.1.0
21 silly currentTree ├── pbkdf2@3.0.9
21 silly currentTree ├── pify@2.3.0
21 silly currentTree ├── pinkie-promise@2.0.1
21 silly currentTree ├── pinkie@2.0.4
21 silly currentTree ├── preserve@0.2.0
21 silly currentTree ├── private@0.1.6
21 silly currentTree ├── process-nextick-args@1.0.7
21 silly currentTree ├── process@0.11.9
21 silly currentTree ├── promise@7.1.1
21 silly currentTree ├── prr@0.0.0
21 silly currentTree ├── public-encrypt@4.0.0
21 silly currentTree ├── punycode@1.4.1
21 silly currentTree ├── querystring-es3@0.2.1
21 silly currentTree ├── querystring@0.2.0
21 silly currentTree ├── randomatic@1.1.6
21 silly currentTree ├── randombytes@2.0.3
21 silly currentTree ├── react-dom@15.4.2
21 silly currentTree ├── react@15.4.2
21 silly currentTree ├── read-pkg-up@1.0.1
21 silly currentTree ├── read-pkg@1.1.0
21 silly currentTree ├── readable-stream@2.2.2
21 silly currentTree ├── readdirp@2.1.0
21 silly currentTree ├── regenerate@1.3.2
21 silly currentTree ├── regenerator-runtime@0.10.1
21 silly currentTree ├── regenerator-transform@0.9.8
21 silly currentTree ├── regex-cache@0.4.3
21 silly currentTree ├── regexpu-core@2.0.0
21 silly currentTree ├── regjsgen@0.2.0
21 silly currentTree ├─┬ regjsparser@0.1.5
21 silly currentTree │ └── jsesc@0.5.0
21 silly currentTree ├── repeat-element@1.1.2
21 silly currentTree ├── repeat-string@1.6.1
21 silly currentTree ├── repeating@2.0.1
21 silly currentTree ├── require-directory@2.1.1
21 silly currentTree ├── require-main-filename@1.0.1
21 silly currentTree ├── right-align@0.1.3
21 silly currentTree ├── ripemd160@1.0.1
21 silly currentTree ├── semver@5.3.0
21 silly currentTree ├── set-blocking@2.0.0
21 silly currentTree ├── set-immediate-shim@1.0.1
21 silly currentTree ├── setimmediate@1.0.5
21 silly currentTree ├── sha.js@2.4.8
21 silly currentTree ├── slash@1.0.0
21 silly currentTree ├── source-list-map@0.1.8
21 silly currentTree ├── source-map-support@0.4.11
21 silly currentTree ├── source-map@0.5.6
21 silly currentTree ├── spdx-correct@1.0.2
21 silly currentTree ├── spdx-expression-parse@1.0.4
21 silly currentTree ├── spdx-license-ids@1.2.2
21 silly currentTree ├── stream-browserify@2.0.1
21 silly currentTree ├── stream-http@2.6.3
21 silly currentTree ├── string_decoder@0.10.31
21 silly currentTree ├── string-width@1.0.2
21 silly currentTree ├── strip-ansi@3.0.1
21 silly currentTree ├── strip-bom@2.0.0
21 silly currentTree ├── supports-color@2.0.0
21 silly currentTree ├── tapable@0.2.6
21 silly currentTree ├── timers-browserify@2.0.2
21 silly currentTree ├── to-arraybuffer@1.0.1
21 silly currentTree ├── to-fast-properties@1.0.2
21 silly currentTree ├── tty-browserify@0.0.0
21 silly currentTree ├── ua-parser-js@0.7.12
21 silly currentTree ├─┬ uglify-js@2.7.5
21 silly currentTree │ ├── async@0.2.10
21 silly currentTree │ └── yargs@3.10.0
21 silly currentTree ├── uglify-to-browserify@1.0.2
21 silly currentTree ├─┬ url@0.11.0
21 silly currentTree │ └── punycode@1.3.2
21 silly currentTree ├── user-home@1.1.1
21 silly currentTree ├── util-deprecate@1.0.2
21 silly currentTree ├─┬ util@0.10.3
21 silly currentTree │ └── inherits@2.0.1
21 silly currentTree ├── v8flags@2.0.11
21 silly currentTree ├── validate-npm-package-license@3.0.1
21 silly currentTree ├── vm-browserify@0.0.4
21 silly currentTree ├── watchpack@1.2.0
21 silly currentTree ├── webpack-sources@0.1.4
21 silly currentTree ├─┬ webpack@2.2.1
21 silly currentTree │ └── supports-color@3.2.3
21 silly currentTree ├── whatwg-fetch@2.0.2
21 silly currentTree ├── which-module@1.0.0
21 silly currentTree ├── window-size@0.1.0
21 silly currentTree ├── wordwrap@0.0.2
21 silly currentTree ├── wrap-ansi@2.1.0
21 silly currentTree ├── wrappy@1.0.2
21 silly currentTree ├── xtend@4.0.1
21 silly currentTree ├── y18n@3.2.1
21 silly currentTree ├─┬ yargs-parser@4.2.1
21 silly currentTree │ └── camelcase@3.0.0
21 silly currentTree └─┬ yargs@6.6.0
21 silly currentTree   ├── camelcase@3.0.0
21 silly currentTree   └── cliui@3.2.0
22 silly idealTree wheel-hub-react@1.0.0
22 silly idealTree ├── ansi-regex@2.1.1
22 silly idealTree ├── ansi-styles@2.2.1
22 silly idealTree ├── anymatch@1.3.0
22 silly idealTree ├── arr-diff@2.0.0
22 silly idealTree ├── arr-flatten@1.0.1
22 silly idealTree ├── array-unique@0.2.1
22 silly idealTree ├── arrify@1.0.1
22 silly idealTree ├── asap@2.0.5
22 silly idealTree ├── async-each@1.0.1
22 silly idealTree ├── babel-cli@6.22.2
22 silly idealTree ├── babel-code-frame@6.22.0
22 silly idealTree ├── babel-core@6.22.1
22 silly idealTree ├── babel-generator@6.22.0
22 silly idealTree ├── babel-helper-builder-binary-assignment-operator-visitor@6.22.0
22 silly idealTree ├── babel-helper-call-delegate@6.22.0
22 silly idealTree ├── babel-helper-define-map@6.22.0
22 silly idealTree ├── babel-helper-explode-assignable-expression@6.22.0
22 silly idealTree ├── babel-helper-function-name@6.22.0
22 silly idealTree ├── babel-helper-get-function-arity@6.22.0
22 silly idealTree ├── babel-helper-hoist-variables@6.22.0
22 silly idealTree ├── babel-helper-optimise-call-expression@6.22.0
22 silly idealTree ├── babel-helper-regex@6.22.0
22 silly idealTree ├── babel-helper-remap-async-to-generator@6.22.0
22 silly idealTree ├── babel-helper-replace-supers@6.22.0
22 silly idealTree ├── babel-helpers@6.22.0
22 silly idealTree ├── babel-messages@6.22.0
22 silly idealTree ├── babel-plugin-check-es2015-constants@6.22.0
22 silly idealTree ├── babel-plugin-syntax-async-functions@6.13.0
22 silly idealTree ├── babel-plugin-syntax-exponentiation-operator@6.13.0
22 silly idealTree ├── babel-plugin-syntax-trailing-function-commas@6.22.0
22 silly idealTree ├── babel-plugin-transform-async-to-generator@6.22.0
22 silly idealTree ├── babel-plugin-transform-es2015-arrow-functions@6.22.0
22 silly idealTree ├── babel-plugin-transform-es2015-block-scoped-functions@6.22.0
22 silly idealTree ├── babel-plugin-transform-es2015-block-scoping@6.22.0
22 silly idealTree ├── babel-plugin-transform-es2015-classes@6.22.0
22 silly idealTree ├── babel-plugin-transform-es2015-computed-properties@6.22.0
22 silly idealTree ├── babel-plugin-transform-es2015-destructuring@6.22.0
22 silly idealTree ├── babel-plugin-transform-es2015-duplicate-keys@6.22.0
22 silly idealTree ├── babel-plugin-transform-es2015-for-of@6.22.0
22 silly idealTree ├── babel-plugin-transform-es2015-function-name@6.22.0
22 silly idealTree ├── babel-plugin-transform-es2015-literals@6.22.0
22 silly idealTree ├── babel-plugin-transform-es2015-modules-amd@6.22.0
22 silly idealTree ├── babel-plugin-transform-es2015-modules-commonjs@6.22.0
22 silly idealTree ├── babel-plugin-transform-es2015-modules-systemjs@6.22.0
22 silly idealTree ├── babel-plugin-transform-es2015-modules-umd@6.22.0
22 silly idealTree ├── babel-plugin-transform-es2015-object-super@6.22.0
22 silly idealTree ├── babel-plugin-transform-es2015-parameters@6.22.0
22 silly idealTree ├── babel-plugin-transform-es2015-shorthand-properties@6.22.0
22 silly idealTree ├── babel-plugin-transform-es2015-spread@6.22.0
22 silly idealTree ├── babel-plugin-transform-es2015-sticky-regex@6.22.0
22 silly idealTree ├── babel-plugin-transform-es2015-template-literals@6.22.0
22 silly idealTree ├── babel-plugin-transform-es2015-typeof-symbol@6.22.0
22 silly idealTree ├── babel-plugin-transform-es2015-unicode-regex@6.22.0
22 silly idealTree ├── babel-plugin-transform-exponentiation-operator@6.22.0
22 silly idealTree ├── babel-plugin-transform-regenerator@6.22.0
22 silly idealTree ├── babel-plugin-transform-strict-mode@6.22.0
22 silly idealTree ├─┬ babel-polyfill@6.22.0
22 silly idealTree │ └── core-js@2.4.1
22 silly idealTree ├── babel-preset-env@1.1.8
22 silly idealTree ├── babel-preset-es2015@6.22.0
22 silly idealTree ├─┬ babel-register@6.22.0
22 silly idealTree │ └── core-js@2.4.1
22 silly idealTree ├─┬ babel-runtime@6.22.0
22 silly idealTree │ └── core-js@2.4.1
22 silly idealTree ├── babel-template@6.22.0
22 silly idealTree ├── babel-traverse@6.22.1
22 silly idealTree ├── babel-types@6.22.0
22 silly idealTree ├── babylon@6.15.0
22 silly idealTree ├── balanced-match@0.4.2
22 silly idealTree ├── binary-extensions@1.8.0
22 silly idealTree ├── brace-expansion@1.1.6
22 silly idealTree ├── braces@1.8.5
22 silly idealTree ├── browserslist@1.7.1
22 silly idealTree ├── buffer-shims@1.0.0
22 silly idealTree ├── caniuse-db@1.0.30000618
22 silly idealTree ├── chalk@1.1.3
22 silly idealTree ├── chokidar@1.6.1
22 silly idealTree ├── commander@2.9.0
22 silly idealTree ├── concat-map@0.0.1
22 silly idealTree ├── convert-source-map@1.3.0
22 silly idealTree ├── core-js@1.2.7
22 silly idealTree ├── core-util-is@1.0.2
22 silly idealTree ├── debug@2.6.0
22 silly idealTree ├── detect-indent@4.0.0
22 silly idealTree ├── electron-to-chromium@1.2.1
22 silly idealTree ├── encoding@0.1.12
22 silly idealTree ├── escape-string-regexp@1.0.5
22 silly idealTree ├── esutils@2.0.2
22 silly idealTree ├── expand-brackets@0.1.5
22 silly idealTree ├── expand-range@1.8.2
22 silly idealTree ├── extglob@0.3.2
22 silly idealTree ├── fbjs@0.8.9
22 silly idealTree ├── filename-regex@2.0.0
22 silly idealTree ├── fill-range@2.2.3
22 silly idealTree ├── for-in@0.1.6
22 silly idealTree ├── for-own@0.1.4
22 silly idealTree ├── fs-readdir-recursive@1.0.0
22 silly idealTree ├── fs.realpath@1.0.0
22 silly idealTree ├─┬ fsevents@1.0.17
22 silly idealTree │ ├── abbrev@1.0.9
22 silly idealTree │ ├── ansi-regex@2.0.0
22 silly idealTree │ ├── ansi-styles@2.2.1
22 silly idealTree │ ├── aproba@1.0.4
22 silly idealTree │ ├── are-we-there-yet@1.1.2
22 silly idealTree │ ├── asn1@0.2.3
22 silly idealTree │ ├── assert-plus@0.2.0
22 silly idealTree │ ├── asynckit@0.4.0
22 silly idealTree │ ├── aws-sign2@0.6.0
22 silly idealTree │ ├── aws4@1.5.0
22 silly idealTree │ ├── balanced-match@0.4.2
22 silly idealTree │ ├── bcrypt-pbkdf@1.0.0
22 silly idealTree │ ├── block-stream@0.0.9
22 silly idealTree │ ├── boom@2.10.1
22 silly idealTree │ ├── brace-expansion@1.1.6
22 silly idealTree │ ├── buffer-shims@1.0.0
22 silly idealTree │ ├── caseless@0.11.0
22 silly idealTree │ ├─┬ chalk@1.1.3
22 silly idealTree │ │ └── supports-color@2.0.0
22 silly idealTree │ ├── code-point-at@1.1.0
22 silly idealTree │ ├── combined-stream@1.0.5
22 silly idealTree │ ├── commander@2.9.0
22 silly idealTree │ ├── concat-map@0.0.1
22 silly idealTree │ ├── console-control-strings@1.1.0
22 silly idealTree │ ├── core-util-is@1.0.2
22 silly idealTree │ ├── cryptiles@2.0.5
22 silly idealTree │ ├─┬ dashdash@1.14.1
22 silly idealTree │ │ └── assert-plus@1.0.0
22 silly idealTree │ ├── debug@2.2.0
22 silly idealTree │ ├── deep-extend@0.4.1
22 silly idealTree │ ├── delayed-stream@1.0.0
22 silly idealTree │ ├── delegates@1.0.0
22 silly idealTree │ ├── ecc-jsbn@0.1.1
22 silly idealTree │ ├── escape-string-regexp@1.0.5
22 silly idealTree │ ├── extend@3.0.0
22 silly idealTree │ ├── extsprintf@1.0.2
22 silly idealTree │ ├── forever-agent@0.6.1
22 silly idealTree │ ├── form-data@2.1.2
22 silly idealTree │ ├── fs.realpath@1.0.0
22 silly idealTree │ ├── fstream-ignore@1.0.5
22 silly idealTree │ ├── fstream@1.0.10
22 silly idealTree │ ├── gauge@2.7.2
22 silly idealTree │ ├── generate-function@2.0.0
22 silly idealTree │ ├── generate-object-property@1.2.0
22 silly idealTree │ ├─┬ getpass@0.1.6
22 silly idealTree │ │ └── assert-plus@1.0.0
22 silly idealTree │ ├── glob@7.1.1
22 silly idealTree │ ├── graceful-fs@4.1.11
22 silly idealTree │ ├── graceful-readlink@1.0.1
22 silly idealTree │ ├── har-validator@2.0.6
22 silly idealTree │ ├── has-ansi@2.0.0
22 silly idealTree │ ├── has-unicode@2.0.1
22 silly idealTree │ ├── hawk@3.1.3
22 silly idealTree │ ├── hoek@2.16.3
22 silly idealTree │ ├── http-signature@1.1.1
22 silly idealTree │ ├── inflight@1.0.6
22 silly idealTree │ ├── inherits@2.0.3
22 silly idealTree │ ├── ini@1.3.4
22 silly idealTree │ ├── is-fullwidth-code-point@1.0.0
22 silly idealTree │ ├── is-my-json-valid@2.15.0
22 silly idealTree │ ├── is-property@1.0.2
22 silly idealTree │ ├── is-typedarray@1.0.0
22 silly idealTree │ ├── isarray@1.0.0
22 silly idealTree │ ├── isstream@0.1.2
22 silly idealTree │ ├── jodid25519@1.0.2
22 silly idealTree │ ├── jsbn@0.1.0
22 silly idealTree │ ├── json-schema@0.2.3
22 silly idealTree │ ├── json-stringify-safe@5.0.1
22 silly idealTree │ ├── jsonpointer@4.0.1
22 silly idealTree │ ├── jsprim@1.3.1
22 silly idealTree │ ├── mime-db@1.25.0
22 silly idealTree │ ├── mime-types@2.1.13
22 silly idealTree │ ├── minimatch@3.0.3
22 silly idealTree │ ├── minimist@0.0.8
22 silly idealTree │ ├── mkdirp@0.5.1
22 silly idealTree │ ├── ms@0.7.1
22 silly idealTree │ ├── node-pre-gyp@0.6.32
22 silly idealTree │ ├── nopt@3.0.6
22 silly idealTree │ ├── npmlog@4.0.2
22 silly idealTree │ ├── number-is-nan@1.0.1
22 silly idealTree │ ├── oauth-sign@0.8.2
22 silly idealTree │ ├── object-assign@4.1.0
22 silly idealTree │ ├── once@1.4.0
22 silly idealTree │ ├── path-is-absolute@1.0.1
22 silly idealTree │ ├── pinkie-promise@2.0.1
22 silly idealTree │ ├── pinkie@2.0.4
22 silly idealTree │ ├── process-nextick-args@1.0.7
22 silly idealTree │ ├── punycode@1.4.1
22 silly idealTree │ ├── qs@6.3.0
22 silly idealTree │ ├─┬ rc@1.1.6
22 silly idealTree │ │ └── minimist@1.2.0
22 silly idealTree │ ├── readable-stream@2.2.2
22 silly idealTree │ ├── request@2.79.0
22 silly idealTree │ ├── rimraf@2.5.4
22 silly idealTree │ ├── semver@5.3.0
22 silly idealTree │ ├── set-blocking@2.0.0
22 silly idealTree │ ├── signal-exit@3.0.2
22 silly idealTree │ ├── sntp@1.0.9
22 silly idealTree │ ├─┬ sshpk@1.10.1
22 silly idealTree │ │ └── assert-plus@1.0.0
22 silly idealTree │ ├── string_decoder@0.10.31
22 silly idealTree │ ├── string-width@1.0.2
22 silly idealTree │ ├── stringstream@0.0.5
22 silly idealTree │ ├── strip-ansi@3.0.1
22 silly idealTree │ ├── strip-json-comments@1.0.4
22 silly idealTree │ ├── supports-color@0.2.0
22 silly idealTree │ ├─┬ tar-pack@3.3.0
22 silly idealTree │ │ ├── once@1.3.3
22 silly idealTree │ │ └── readable-stream@2.1.5
22 silly idealTree │ ├── tar@2.2.1
22 silly idealTree │ ├── tough-cookie@2.3.2
22 silly idealTree │ ├── tunnel-agent@0.4.3
22 silly idealTree │ ├── tweetnacl@0.14.5
22 silly idealTree │ ├── uid-number@0.0.6
22 silly idealTree │ ├── util-deprecate@1.0.2
22 silly idealTree │ ├── uuid@3.0.1
22 silly idealTree │ ├── verror@1.3.6
22 silly idealTree │ ├── wide-align@1.1.0
22 silly idealTree │ ├── wrappy@1.0.2
22 silly idealTree │ └── xtend@4.0.1
22 silly idealTree ├── glob-base@0.3.0
22 silly idealTree ├── glob-parent@2.0.0
22 silly idealTree ├── glob@7.1.1
22 silly idealTree ├── globals@9.14.0
22 silly idealTree ├── graceful-fs@4.1.11
22 silly idealTree ├── graceful-readlink@1.0.1
22 silly idealTree ├── has-ansi@2.0.0
22 silly idealTree ├── home-or-tmp@2.0.0
22 silly idealTree ├── iconv-lite@0.4.15
22 silly idealTree ├── inflight@1.0.6
22 silly idealTree ├── inherits@2.0.3
22 silly idealTree ├── invariant@2.2.2
22 silly idealTree ├── is-binary-path@1.0.1
22 silly idealTree ├── is-buffer@1.1.4
22 silly idealTree ├── is-dotfile@1.0.2
22 silly idealTree ├── is-equal-shallow@0.1.3
22 silly idealTree ├── is-extendable@0.1.1
22 silly idealTree ├── is-extglob@1.0.0
22 silly idealTree ├── is-finite@1.0.2
22 silly idealTree ├── is-glob@2.0.1
22 silly idealTree ├── is-number@2.1.0
22 silly idealTree ├── is-posix-bracket@0.1.1
22 silly idealTree ├── is-primitive@2.0.0
22 silly idealTree ├── is-stream@1.1.0
22 silly idealTree ├── isarray@1.0.0
22 silly idealTree ├── isobject@2.1.0
22 silly idealTree ├── isomorphic-fetch@2.2.1
22 silly idealTree ├── js-tokens@3.0.1
22 silly idealTree ├── jsesc@1.3.0
22 silly idealTree ├── json5@0.5.1
22 silly idealTree ├── kind-of@3.1.0
22 silly idealTree ├── lodash@4.17.4
22 silly idealTree ├── loose-envify@1.3.1
22 silly idealTree ├── micromatch@2.3.11
22 silly idealTree ├── minimatch@3.0.3
22 silly idealTree ├── minimist@0.0.8
22 silly idealTree ├── mkdirp@0.5.1
22 silly idealTree ├── ms@0.7.2
22 silly idealTree ├── nan@2.5.1
22 silly idealTree ├── node-fetch@1.6.3
22 silly idealTree ├── normalize-path@2.0.1
22 silly idealTree ├── number-is-nan@1.0.1
22 silly idealTree ├── object-assign@4.1.1
22 silly idealTree ├── object.omit@2.0.1
22 silly idealTree ├── once@1.4.0
22 silly idealTree ├── os-homedir@1.0.2
22 silly idealTree ├── os-tmpdir@1.0.2
22 silly idealTree ├── output-file-sync@1.1.2
22 silly idealTree ├── parse-glob@3.0.4
22 silly idealTree ├── path-is-absolute@1.0.1
22 silly idealTree ├── preserve@0.2.0
22 silly idealTree ├── private@0.1.6
22 silly idealTree ├── process-nextick-args@1.0.7
22 silly idealTree ├── promise@7.1.1
22 silly idealTree ├── randomatic@1.1.6
22 silly idealTree ├── react-dom@15.4.2
22 silly idealTree ├── react@15.4.2
22 silly idealTree ├── readable-stream@2.2.2
22 silly idealTree ├── readdirp@2.1.0
22 silly idealTree ├── regenerate@1.3.2
22 silly idealTree ├── regenerator-runtime@0.10.1
22 silly idealTree ├── regenerator-transform@0.9.8
22 silly idealTree ├── regex-cache@0.4.3
22 silly idealTree ├── regexpu-core@2.0.0
22 silly idealTree ├── regjsgen@0.2.0
22 silly idealTree ├─┬ regjsparser@0.1.5
22 silly idealTree │ └── jsesc@0.5.0
22 silly idealTree ├── repeat-element@1.1.2
22 silly idealTree ├── repeat-string@1.6.1
22 silly idealTree ├── repeating@2.0.1
22 silly idealTree ├── set-immediate-shim@1.0.1
22 silly idealTree ├── setimmediate@1.0.5
22 silly idealTree ├── slash@1.0.0
22 silly idealTree ├── source-map-support@0.4.11
22 silly idealTree ├── source-map@0.5.6
22 silly idealTree ├── string_decoder@0.10.31
22 silly idealTree ├── strip-ansi@3.0.1
22 silly idealTree ├── supports-color@2.0.0
22 silly idealTree ├── to-fast-properties@1.0.2
22 silly idealTree ├── ua-parser-js@0.7.12
22 silly idealTree ├── user-home@1.1.1
22 silly idealTree ├── util-deprecate@1.0.2
22 silly idealTree ├── v8flags@2.0.11
22 silly idealTree ├── whatwg-fetch@2.0.2
22 silly idealTree └── wrappy@1.0.2
23 silly generateActionsToTake Starting
24 silly install generateActionsToTake
25 warn checkPermissions Missing write access to /Users/Calvin/Desktop/dev_projects/wheel-hub-react/node_modules
26 warn checkPermissions Missing write access to /Users/Calvin/Desktop/dev_projects/wheel-hub-react/node_modules/uglify-js/node_modules
27 warn checkPermissions Missing write access to /Users/Calvin/Desktop/dev_projects/wheel-hub-react/node_modules/url/node_modules
28 warn checkPermissions Missing write access to /Users/Calvin/Desktop/dev_projects/wheel-hub-react/node_modules/util/node_modules
29 warn checkPermissions Missing write access to /Users/Calvin/Desktop/dev_projects/wheel-hub-react/node_modules/webpack/node_modules
30 warn checkPermissions Missing write access to /Users/Calvin/Desktop/dev_projects/wheel-hub-react/node_modules/yargs-parser/node_modules
31 warn checkPermissions Missing write access to /Users/Calvin/Desktop/dev_projects/wheel-hub-react/node_modules/yargs/node_modules
32 silly rollbackFailedOptional Starting
33 silly rollbackFailedOptional Finishing
34 silly runTopLevelLifecycles Finishing
35 silly install printInstalled
36 warn wheel-hub-react@1.0.0 No description
37 verbose If you need help, you may report this error at:
37 verbose     <https://github.com/npm/npm/issues>
38 verbose stack Error: EACCES: permission denied, access '/Users/Calvin/Desktop/dev_projects/wheel-hub-react/node_modules'
38 verbose stack     at Error (native)
39 verbose cwd /Users/Calvin/Desktop/dev_projects/wheel-hub-react
40 error Darwin 14.5.0
41 error argv "/usr/local/bin/node" "/usr/local/bin/npm" "uninstall" "webpack"
42 error node v6.9.4
43 error npm  v3.10.10
44 error path /Users/Calvin/Desktop/dev_projects/wheel-hub-react/node_modules
45 error code EACCES
46 error errno -13
47 error syscall access
48 error Error: EACCES: permission denied, access '/Users/Calvin/Desktop/dev_projects/wheel-hub-react/node_modules'
48 error     at Error (native)
48 error  { Error: EACCES: permission denied, access '/Users/Calvin/Desktop/dev_projects/wheel-hub-react/node_modules'
48 error     at Error (native)
48 error   errno: -13,
48 error   code: 'EACCES',
48 error   syscall: 'access',
48 error   path: '/Users/Calvin/Desktop/dev_projects/wheel-hub-react/node_modules' }
49 error Please try running this command again as root/Administrator.
50 verbose exit [ -13, true ]
